2023-11-08 17:38:17,410 - DEBUG - --------------------------------------------------
2023-11-08 17:38:17,440 - DEBUG - Máquina kevin iniciada.
2023-11-08 17:38:17,456 - DEBUG - --------------------------------------------------


2023-11-08 17:38:17,456 - DEBUG - --------------------------------------------------
2023-11-08 17:38:17,456 - DEBUG - Máquina kevin possui o token. Dormindo por 3 segundos...
2023-11-08 17:38:17,456 - DEBUG - --------------------------------------------------


2023-11-08 17:38:20,471 - DEBUG - --------------------------------------------------
2023-11-08 17:38:20,487 - DEBUG - Enviando token...
2023-11-08 17:38:20,519 - DEBUG - Token enviado.
2023-11-08 17:38:20,519 - DEBUG - --------------------------------------------------


2023-11-08 17:38:32,689 - DEBUG - 
--------------------------------------------------------
| Token não visto por muito tempo. Gerando novo token. |
--------------------------------------------------------

2023-11-08 17:38:32,689 - DEBUG - --------------------------------------------------
2023-11-08 17:38:32,689 - DEBUG - Enviando token...
2023-11-08 17:39:52,889 - DEBUG - --------------------------------------------------
2023-11-08 17:39:52,905 - DEBUG - Máquina kevin iniciada.
2023-11-08 17:39:52,905 - DEBUG - --------------------------------------------------


2023-11-08 17:39:52,905 - DEBUG - --------------------------------------------------
2023-11-08 17:39:52,953 - DEBUG - Máquina kevin possui o token. Dormindo por 3 segundos...
2023-11-08 17:39:52,969 - DEBUG - --------------------------------------------------


2023-11-08 17:39:56,004 - DEBUG - --------------------------------------------------
2023-11-08 17:39:56,020 - DEBUG - Enviando token...
2023-11-08 17:39:56,036 - DEBUG - Token enviado.
2023-11-08 17:39:56,036 - DEBUG - --------------------------------------------------


2023-11-08 17:39:56,791 - DEBUG - --------------------------------------------------
2023-11-08 17:39:56,791 - DEBUG - Enviando token...
2023-11-08 17:39:56,791 - DEBUG - Token enviado.
2023-11-08 17:39:56,791 - DEBUG - --------------------------------------------------


2023-11-08 17:39:56,792 - DEBUG - Novo token adicionado à rede.
2023-11-08 17:40:08,912 - DEBUG - 
--------------------------------------------------------
| Token não visto por muito tempo. Gerando novo token. |
--------------------------------------------------------

2023-11-08 17:40:08,912 - DEBUG - --------------------------------------------------
2023-11-08 17:40:08,912 - DEBUG - Enviando token...
2023-11-08 17:40:08,912 - DEBUG - Token enviado.
2023-11-08 17:40:08,912 - DEBUG - --------------------------------------------------


2023-11-08 17:40:21,084 - DEBUG - 
--------------------------------------------------------
| Token não visto por muito tempo. Gerando novo token. |
--------------------------------------------------------

2023-11-08 17:40:21,084 - DEBUG - --------------------------------------------------
2023-11-08 17:40:21,084 - DEBUG - Enviando token...
2023-11-08 17:40:21,084 - DEBUG - Token enviado.
2023-11-08 17:40:21,084 - DEBUG - --------------------------------------------------


